03-01 14:48:12 com_github_MitjaNemec_Archive3DModels.action_archive_3d_models 220:Plugin executed on: 'linux'
03-01 14:48:12 com_github_MitjaNemec_Archive3DModels.action_archive_3d_models 221:Plugin executed with python version: '3.12.3 (main, Feb  4 2025, 14:48:35) [GCC 13.3.0]'
03-01 14:48:12 com_github_MitjaNemec_Archive3DModels.action_archive_3d_models 222:KiCad build version: 9.0.0-9.0.0-2~ubuntu24.04.1
03-01 14:48:12 com_github_MitjaNemec_Archive3DModels.action_archive_3d_models 223:Plugin version: 1.0.11

03-01 14:48:12 com_github_MitjaNemec_Archive3DModels.action_archive_3d_models 228:Screen sizes: [wx.Size(1920, 1080)]
03-01 14:48:12 com_github_MitjaNemec_Archive3DModels.action_archive_3d_models 235:Dialog size: wx.Size(213, 81)
03-01 14:48:12 com_github_MitjaNemec_Archive3DModels.action_archive_3d_models 237:Char size: 23
03-01 14:48:14 com_github_MitjaNemec_Archive3DModels.archive_3d_models 26:Starting to archive 3D models
03-01 14:48:14 com_github_MitjaNemec_Archive3DModels.archive_3d_models 47:Getting 3D models for footprint of: R1
03-01 14:48:14 com_github_MitjaNemec_Archive3DModels.archive_3d_models 58:Trying to copy: ${KIPRJMOD}/packages3D/R_0805_2012Metric.wrl
03-01 14:48:14 com_github_MitjaNemec_Archive3DModels.archive_3d_models 138:Remapping: ${KIPRJMOD}/packages3D/R_0805_2012Metric.wrl
03-01 14:48:14 com_github_MitjaNemec_Archive3DModels.archive_3d_models 47:Getting 3D models for footprint of: D1
03-01 14:48:14 com_github_MitjaNemec_Archive3DModels.archive_3d_models 58:Trying to copy: ${KIPRJMOD}/packages3D/D_SOD-123.wrl
03-01 14:48:14 com_github_MitjaNemec_Archive3DModels.archive_3d_models 138:Remapping: ${KIPRJMOD}/packages3D/D_SOD-123.wrl
03-01 14:48:14 com_github_MitjaNemec_Archive3DModels.archive_3d_models 47:Getting 3D models for footprint of: S1
03-01 14:48:14 com_github_MitjaNemec_Archive3DModels.archive_3d_models 58:Trying to copy: ${KIPRJMOD}/packages3D/SW_PUSH_6mm.wrl
03-01 14:48:14 com_github_MitjaNemec_Archive3DModels.archive_3d_models 138:Remapping: ${KIPRJMOD}/packages3D/SW_PUSH_6mm.wrl
03-01 14:48:14 com_github_MitjaNemec_Archive3DModels.archive_3d_models 47:Getting 3D models for footprint of: C1
03-01 14:48:14 com_github_MitjaNemec_Archive3DModels.archive_3d_models 58:Trying to copy: ${KICAD9_3DMODEL_DIR}/Capacitor_SMD.3dshapes/C_0805_2012Metric.wrl
03-01 14:48:14 com_github_MitjaNemec_Archive3DModels.archive_3d_models 138:Remapping: ${KICAD9_3DMODEL_DIR}/Capacitor_SMD.3dshapes/C_0805_2012Metric.wrl
03-01 14:48:14 com_github_MitjaNemec_Archive3DModels.archive_3d_models 47:Getting 3D models for footprint of: D2
03-01 14:48:14 com_github_MitjaNemec_Archive3DModels.archive_3d_models 58:Trying to copy: ${KIPRJMOD}/packages3D/D_SMA.wrl
03-01 14:48:14 com_github_MitjaNemec_Archive3DModels.archive_3d_models 138:Remapping: ${KIPRJMOD}/packages3D/D_SMA.wrl
03-01 14:48:14 com_github_MitjaNemec_Archive3DModels.archive_3d_models 47:Getting 3D models for footprint of: U1
03-01 14:48:14 com_github_MitjaNemec_Archive3DModels.archive_3d_models 58:Trying to copy: /home/anool/projects-git/MakerVille/makerville-badge/datasheets/ESP32-C3-MINI-1-N4--3DModel-STEP-1.step
03-01 14:48:14 com_github_MitjaNemec_Archive3DModels.archive_3d_models 138:Remapping: /home/anool/projects-git/MakerVille/makerville-badge/datasheets/ESP32-C3-MINI-1-N4--3DModel-STEP-1.step
03-01 14:48:14 com_github_MitjaNemec_Archive3DModels.archive_3d_models 47:Getting 3D models for footprint of: C2
03-01 14:48:14 com_github_MitjaNemec_Archive3DModels.archive_3d_models 58:Trying to copy: ${KICAD9_3DMODEL_DIR}/Capacitor_SMD.3dshapes/CP_Elec_6.3x5.9.wrl
03-01 14:48:14 com_github_MitjaNemec_Archive3DModels.archive_3d_models 138:Remapping: ${KICAD9_3DMODEL_DIR}/Capacitor_SMD.3dshapes/CP_Elec_6.3x5.9.wrl
03-01 14:48:14 com_github_MitjaNemec_Archive3DModels.archive_3d_models 47:Getting 3D models for footprint of: J1
03-01 14:48:14 com_github_MitjaNemec_Archive3DModels.archive_3d_models 58:Trying to copy: ${KIPRJMOD}/packages3D/USB_C_Receptacle_GCT_USB4105-xx-A_16P_TopMnt_Horizontal.wrl
03-01 14:48:14 com_github_MitjaNemec_Archive3DModels.archive_3d_models 138:Remapping: ${KIPRJMOD}/packages3D/USB_C_Receptacle_GCT_USB4105-xx-A_16P_TopMnt_Horizontal.wrl
